[0m21:13:09.878673 [debug] [MainThread]: Sending event: {'category': 'dbt', 'action': 'invocation', 'label': 'start', 'context': [<snowplow_tracker.self_describing_json.SelfDescribingJson object at 0x00000256B00A3620>, <snowplow_tracker.self_describing_json.SelfDescribingJson object at 0x00000256B14D7D90>, <snowplow_tracker.self_describing_json.SelfDescribingJson object at 0x00000256B14D7B10>]}


============================== 21:13:09.889483 | d670e89f-1673-4579-ab6b-332c88a1e4d8 ==============================
[0m21:13:09.889483 [info ] [MainThread]: Running with dbt=1.11.2
[0m21:13:09.890617 [debug] [MainThread]: running dbt with arguments {'version_check': 'True', 'no_print': 'None', 'static_parser': 'True', 'warn_error_options': 'WarnErrorOptionsV2(error=[], warn=[], silence=[])', 'target_path': 'None', 'printer_width': '80', 'write_json': 'True', 'empty': 'None', 'log_cache_events': 'False', 'introspect': 'True', 'cache_selected_only': 'False', 'log_format': 'default', 'debug': 'False', 'fail_fast': 'False', 'partial_parse': 'True', 'send_anonymous_usage_stats': 'True', 'quiet': 'False', 'warn_error': 'None', 'profiles_dir': 'C:\\Users\\patil\\.dbt', 'use_colors': 'True', 'indirect_selection': 'eager', 'invocation_command': 'dbt init', 'use_experimental_parser': 'False', 'log_path': 'logs'}
[0m21:13:10.468505 [info ] [MainThread]: Creating dbt configuration folder at C:\Users\patil\.dbt
[0m21:13:31.936098 [debug] [MainThread]: Starter project path: C:\Users\patil\VS_Code\course-dbt-repo\.venv\Lib\site-packages\dbt\include\starter_project
[0m21:13:31.983601 [info ] [MainThread]: 
Your new dbt project "airbub_shantanu" was created!

For more information on how to configure the profiles.yml file,
please consult the dbt documentation here:

  https://docs.getdbt.com/docs/configure-your-profile

One more thing:

Need help? Don't hesitate to reach out to us via GitHub issues or on Slack:

  https://community.getdbt.com/

Happy modeling!

[0m21:13:31.984577 [info ] [MainThread]: Setting up your profile.
[0m21:13:37.541389 [debug] [MainThread]: Snowflake adapter: Setting snowflake.connector to ERROR (file logging only)
[0m21:13:37.542244 [debug] [MainThread]: Snowflake adapter: Setting botocore to ERROR (file logging only)
[0m21:13:37.542852 [debug] [MainThread]: Snowflake adapter: Setting boto3 to ERROR (file logging only)
[0m21:15:37.285965 [info ] [MainThread]: Profile airbub_shantanu written to C:\Users\patil\.dbt\profiles.yml using target's profile_template.yml and your supplied values. Run 'dbt debug' to validate the connection.
[0m21:15:37.298862 [debug] [MainThread]: Command `dbt init` succeeded at 21:15:37.288351 after 147.80 seconds
[0m21:15:37.299919 [debug] [MainThread]: Sending event: {'category': 'dbt', 'action': 'invocation', 'label': 'end', 'context': [<snowplow_tracker.self_describing_json.SelfDescribingJson object at 0x00000256B3377BB0>, <snowplow_tracker.self_describing_json.SelfDescribingJson object at 0x00000256B2744EF0>, <snowplow_tracker.self_describing_json.SelfDescribingJson object at 0x00000256B0191590>]}
[0m21:15:37.300685 [debug] [MainThread]: Flushing usage events
[0m21:15:39.221428 [debug] [MainThread]: An error was encountered while trying to flush usage events
[0m21:29:49.236776 [debug] [MainThread]: Sending event: {'category': 'dbt', 'action': 'invocation', 'label': 'start', 'context': [<snowplow_tracker.self_describing_json.SelfDescribingJson object at 0x00000205CA373620>, <snowplow_tracker.self_describing_json.SelfDescribingJson object at 0x00000205CB7AFD90>, <snowplow_tracker.self_describing_json.SelfDescribingJson object at 0x00000205CB7AFB10>]}


============================== 21:29:49.241774 | 08bcfab5-8761-46e1-954f-3580cd0c0d17 ==============================
[0m21:29:49.241774 [info ] [MainThread]: Running with dbt=1.11.2
[0m21:29:49.242509 [debug] [MainThread]: running dbt with arguments {'static_parser': 'True', 'no_print': 'None', 'version_check': 'True', 'warn_error_options': 'WarnErrorOptionsV2(error=[], warn=[], silence=[])', 'target_path': 'None', 'printer_width': '80', 'write_json': 'True', 'empty': 'False', 'log_cache_events': 'False', 'introspect': 'True', 'cache_selected_only': 'False', 'log_format': 'default', 'debug': 'False', 'fail_fast': 'False', 'profiles_dir': 'C:\\Users\\patil\\.dbt', 'send_anonymous_usage_stats': 'True', 'quiet': 'False', 'warn_error': 'None', 'partial_parse': 'True', 'invocation_command': 'dbt build', 'indirect_selection': 'eager', 'use_colors': 'True', 'use_experimental_parser': 'False', 'log_path': 'logs'}
[0m21:29:49.243055 [error] [MainThread]: Encountered an error:
Runtime Error
  No dbt_project.yml found at expected path C:\Users\patil\VS_Code\course-dbt-repo\dbt_project.yml
  Verify that each entry within packages.yml (and their transitive dependencies) contains a file named dbt_project.yml
  
[0m21:29:49.244235 [debug] [MainThread]: Command `dbt build` failed at 21:29:49.244105 after 0.14 seconds
[0m21:29:49.244607 [debug] [MainThread]: Sending event: {'category': 'dbt', 'action': 'invocation', 'label': 'end', 'context': [<snowplow_tracker.self_describing_json.SelfDescribingJson object at 0x00000205CB6D6EA0>, <snowplow_tracker.self_describing_json.SelfDescribingJson object at 0x00000205CB83C4D0>, <snowplow_tracker.self_describing_json.SelfDescribingJson object at 0x00000205CB642AD0>]}
[0m21:29:49.244992 [debug] [MainThread]: Flushing usage events
[0m21:29:50.952916 [debug] [MainThread]: An error was encountered while trying to flush usage events
[0m19:21:29.459872 [debug] [MainThread]: Sending event: {'category': 'dbt', 'action': 'invocation', 'label': 'start', 'context': [<snowplow_tracker.self_describing_json.SelfDescribingJson object at 0x0000023767723620>, <snowplow_tracker.self_describing_json.SelfDescribingJson object at 0x0000023768B5FD90>, <snowplow_tracker.self_describing_json.SelfDescribingJson object at 0x0000023768B5FB10>]}


============================== 19:21:29.470360 | 70cf7d8e-8b4e-4edf-acd1-db19e6127c06 ==============================
[0m19:21:29.470360 [info ] [MainThread]: Running with dbt=1.11.2
[0m19:21:29.472075 [debug] [MainThread]: running dbt with arguments {'static_parser': 'True', 'no_print': 'None', 'version_check': 'True', 'target_path': 'None', 'warn_error_options': 'WarnErrorOptionsV2(error=[], warn=[], silence=[])', 'printer_width': '80', 'write_json': 'True', 'introspect': 'True', 'log_cache_events': 'False', 'empty': 'False', 'cache_selected_only': 'False', 'fail_fast': 'False', 'debug': 'False', 'log_format': 'default', 'partial_parse': 'True', 'send_anonymous_usage_stats': 'True', 'quiet': 'False', 'warn_error': 'None', 'profiles_dir': 'C:\\Users\\patil\\.dbt', 'indirect_selection': 'eager', 'invocation_command': 'dbt run', 'use_colors': 'True', 'use_experimental_parser': 'False', 'log_path': 'logs'}
[0m19:21:29.472767 [error] [MainThread]: Encountered an error:
Runtime Error
  No dbt_project.yml found at expected path C:\Users\patil\VS_Code\course-dbt-repo\dbt_project.yml
  Verify that each entry within packages.yml (and their transitive dependencies) contains a file named dbt_project.yml
  
[0m19:21:29.474281 [debug] [MainThread]: Command `dbt run` failed at 19:21:29.473895 after 0.21 seconds
[0m19:21:29.474767 [debug] [MainThread]: Sending event: {'category': 'dbt', 'action': 'invocation', 'label': 'end', 'context': [<snowplow_tracker.self_describing_json.SelfDescribingJson object at 0x0000023768A86EA0>, <snowplow_tracker.self_describing_json.SelfDescribingJson object at 0x0000023768BE84D0>, <snowplow_tracker.self_describing_json.SelfDescribingJson object at 0x00000237689F2AD0>]}
[0m19:21:29.475204 [debug] [MainThread]: Flushing usage events
[0m19:21:30.837410 [debug] [MainThread]: An error was encountered while trying to flush usage events
[0m22:34:38.065747 [debug] [MainThread]: Sending event: {'category': 'dbt', 'action': 'invocation', 'label': 'start', 'context': [<snowplow_tracker.self_describing_json.SelfDescribingJson object at 0x0000025312DD3620>, <snowplow_tracker.self_describing_json.SelfDescribingJson object at 0x000002531420FD90>, <snowplow_tracker.self_describing_json.SelfDescribingJson object at 0x000002531420FB10>]}


============================== 22:34:38.073487 | 8eae1ee3-f319-413b-8df6-cf0297738b20 ==============================
[0m22:34:38.073487 [info ] [MainThread]: Running with dbt=1.11.2
[0m22:34:38.074649 [debug] [MainThread]: running dbt with arguments {'static_parser': 'True', 'no_print': 'None', 'version_check': 'True', 'target_path': 'None', 'warn_error_options': 'WarnErrorOptionsV2(error=[], warn=[], silence=[])', 'printer_width': '80', 'write_json': 'True', 'introspect': 'True', 'log_cache_events': 'False', 'empty': 'False', 'cache_selected_only': 'False', 'log_format': 'default', 'debug': 'False', 'fail_fast': 'False', 'profiles_dir': 'C:\\Users\\patil\\.dbt', 'send_anonymous_usage_stats': 'True', 'quiet': 'False', 'warn_error': 'None', 'partial_parse': 'True', 'indirect_selection': 'eager', 'use_colors': 'True', 'invocation_command': 'dbt run', 'use_experimental_parser': 'False', 'log_path': 'logs'}
[0m22:34:38.075484 [error] [MainThread]: Encountered an error:
Runtime Error
  No dbt_project.yml found at expected path C:\Users\patil\VS_Code\course-dbt-repo\dbt_project.yml
  Verify that each entry within packages.yml (and their transitive dependencies) contains a file named dbt_project.yml
  
[0m22:34:38.077331 [debug] [MainThread]: Command `dbt run` failed at 22:34:38.077117 after 0.24 seconds
[0m22:34:38.077967 [debug] [MainThread]: Sending event: {'category': 'dbt', 'action': 'invocation', 'label': 'end', 'context': [<snowplow_tracker.self_describing_json.SelfDescribingJson object at 0x000002531413AEA0>, <snowplow_tracker.self_describing_json.SelfDescribingJson object at 0x00000253142984D0>, <snowplow_tracker.self_describing_json.SelfDescribingJson object at 0x00000253140A2AD0>]}
[0m22:34:38.078607 [debug] [MainThread]: Flushing usage events
[0m22:34:40.205689 [debug] [MainThread]: An error was encountered while trying to flush usage events
